<?xml version="1.0" encoding="UTF-8"?>
<testng-results ignored="0" total="1" passed="1" failed="0" skipped="0">
  <reporter-output>
  </reporter-output>
  <suite started-at="2018-05-12T17:50:20Z" name="Suite" finished-at="2018-05-12T17:50:28Z" duration-ms="8099">
    <groups>
    </groups>
    <test started-at="2018-05-12T17:50:20Z" name="Test" finished-at="2018-05-12T17:50:28Z" duration-ms="8099">
      <class name="com.project.Maven_051018">
        <test-method signature="mavenTest()[pri:0, instance:com.project.Maven_051018@55182842]" started-at="2018-05-12T17:50:20Z" name="mavenTest" description="Maven Test" finished-at="2018-05-12T17:50:28Z" duration-ms="8047" status="PASS">
          <reporter-output>
          </reporter-output>
        </test-method> <!-- mavenTest -->
      </class> <!-- com.project.Maven_051018 -->
    </test> <!-- Test -->
  </suite> <!-- Suite -->
</testng-results>
