<?xml version="1.0" encoding="UTF-8"?>
<testng-results ignored="0" total="1" passed="1" failed="0" skipped="0">
  <reporter-output>
  </reporter-output>
  <suite started-at="2018-05-12T16:55:44Z" name="Default suite" finished-at="2018-05-12T16:56:06Z" duration-ms="22044">
    <groups>
    </groups>
    <test started-at="2018-05-12T16:55:44Z" name="Default test" finished-at="2018-05-12T16:56:06Z" duration-ms="22044">
      <class name="com.project.Maven_051018">
        <test-method signature="mavenTest()[pri:0, instance:com.project.Maven_051018@568ff82]" started-at="2018-05-12T16:55:44Z" name="mavenTest" finished-at="2018-05-12T16:56:06Z" duration-ms="21990" status="PASS">
          <reporter-output>
          </reporter-output>
        </test-method> <!-- mavenTest -->
      </class> <!-- com.project.Maven_051018 -->
    </test> <!-- Default test -->
  </suite> <!-- Default suite -->
</testng-results>
